Linked: (/home/nil/Desktop/Octobotics_Coding_Assignment/devel/.private/inverted_pendulum_sim/include/inverted_pendulum_sim/SetParamsRequest.h, /home/nil/Desktop/Octobotics_Coding_Assignment/devel/include/inverted_pendulum_sim/SetParamsRequest.h)
Linked: (/home/nil/Desktop/Octobotics_Coding_Assignment/devel/.private/inverted_pendulum_sim/include/inverted_pendulum_sim/SetParamsResponse.h, /home/nil/Desktop/Octobotics_Coding_Assignment/devel/include/inverted_pendulum_sim/SetParamsResponse.h)
Linked: (/home/nil/Desktop/Octobotics_Coding_Assignment/devel/.private/inverted_pendulum_sim/include/inverted_pendulum_sim/CurrentState.h, /home/nil/Desktop/Octobotics_Coding_Assignment/devel/include/inverted_pendulum_sim/CurrentState.h)
Linked: (/home/nil/Desktop/Octobotics_Coding_Assignment/devel/.private/inverted_pendulum_sim/include/inverted_pendulum_sim/SetParams.h, /home/nil/Desktop/Octobotics_Coding_Assignment/devel/include/inverted_pendulum_sim/SetParams.h)
Linked: (/home/nil/Desktop/Octobotics_Coding_Assignment/devel/.private/inverted_pendulum_sim/include/inverted_pendulum_sim/ControlForce.h, /home/nil/Desktop/Octobotics_Coding_Assignment/devel/include/inverted_pendulum_sim/ControlForce.h)
Linked: (/home/nil/Desktop/Octobotics_Coding_Assignment/devel/.private/inverted_pendulum_sim/share/inverted_pendulum_sim/cmake/inverted_pendulum_simConfig.cmake, /home/nil/Desktop/Octobotics_Coding_Assignment/devel/share/inverted_pendulum_sim/cmake/inverted_pendulum_simConfig.cmake)
Linked: (/home/nil/Desktop/Octobotics_Coding_Assignment/devel/.private/inverted_pendulum_sim/share/inverted_pendulum_sim/cmake/inverted_pendulum_sim-msg-extras.cmake, /home/nil/Desktop/Octobotics_Coding_Assignment/devel/share/inverted_pendulum_sim/cmake/inverted_pendulum_sim-msg-extras.cmake)
Linked: (/home/nil/Desktop/Octobotics_Coding_Assignment/devel/.private/inverted_pendulum_sim/share/inverted_pendulum_sim/cmake/inverted_pendulum_sim-msg-paths.cmake, /home/nil/Desktop/Octobotics_Coding_Assignment/devel/share/inverted_pendulum_sim/cmake/inverted_pendulum_sim-msg-paths.cmake)
Linked: (/home/nil/Desktop/Octobotics_Coding_Assignment/devel/.private/inverted_pendulum_sim/share/inverted_pendulum_sim/cmake/inverted_pendulum_simConfig-version.cmake, /home/nil/Desktop/Octobotics_Coding_Assignment/devel/share/inverted_pendulum_sim/cmake/inverted_pendulum_simConfig-version.cmake)
Linked: (/home/nil/Desktop/Octobotics_Coding_Assignment/devel/.private/inverted_pendulum_sim/share/roseus/ros/inverted_pendulum_sim/manifest.l, /home/nil/Desktop/Octobotics_Coding_Assignment/devel/share/roseus/ros/inverted_pendulum_sim/manifest.l)
Linked: (/home/nil/Desktop/Octobotics_Coding_Assignment/devel/.private/inverted_pendulum_sim/share/roseus/ros/inverted_pendulum_sim/msg/ControlForce.l, /home/nil/Desktop/Octobotics_Coding_Assignment/devel/share/roseus/ros/inverted_pendulum_sim/msg/ControlForce.l)
Linked: (/home/nil/Desktop/Octobotics_Coding_Assignment/devel/.private/inverted_pendulum_sim/share/roseus/ros/inverted_pendulum_sim/msg/CurrentState.l, /home/nil/Desktop/Octobotics_Coding_Assignment/devel/share/roseus/ros/inverted_pendulum_sim/msg/CurrentState.l)
Linked: (/home/nil/Desktop/Octobotics_Coding_Assignment/devel/.private/inverted_pendulum_sim/share/roseus/ros/inverted_pendulum_sim/srv/SetParams.l, /home/nil/Desktop/Octobotics_Coding_Assignment/devel/share/roseus/ros/inverted_pendulum_sim/srv/SetParams.l)
Linked: (/home/nil/Desktop/Octobotics_Coding_Assignment/devel/.private/inverted_pendulum_sim/share/gennodejs/ros/inverted_pendulum_sim/_index.js, /home/nil/Desktop/Octobotics_Coding_Assignment/devel/share/gennodejs/ros/inverted_pendulum_sim/_index.js)
Linked: (/home/nil/Desktop/Octobotics_Coding_Assignment/devel/.private/inverted_pendulum_sim/share/gennodejs/ros/inverted_pendulum_sim/msg/_index.js, /home/nil/Desktop/Octobotics_Coding_Assignment/devel/share/gennodejs/ros/inverted_pendulum_sim/msg/_index.js)
Linked: (/home/nil/Desktop/Octobotics_Coding_Assignment/devel/.private/inverted_pendulum_sim/share/gennodejs/ros/inverted_pendulum_sim/msg/ControlForce.js, /home/nil/Desktop/Octobotics_Coding_Assignment/devel/share/gennodejs/ros/inverted_pendulum_sim/msg/ControlForce.js)
Linked: (/home/nil/Desktop/Octobotics_Coding_Assignment/devel/.private/inverted_pendulum_sim/share/gennodejs/ros/inverted_pendulum_sim/msg/CurrentState.js, /home/nil/Desktop/Octobotics_Coding_Assignment/devel/share/gennodejs/ros/inverted_pendulum_sim/msg/CurrentState.js)
Linked: (/home/nil/Desktop/Octobotics_Coding_Assignment/devel/.private/inverted_pendulum_sim/share/gennodejs/ros/inverted_pendulum_sim/srv/_index.js, /home/nil/Desktop/Octobotics_Coding_Assignment/devel/share/gennodejs/ros/inverted_pendulum_sim/srv/_index.js)
Linked: (/home/nil/Desktop/Octobotics_Coding_Assignment/devel/.private/inverted_pendulum_sim/share/gennodejs/ros/inverted_pendulum_sim/srv/SetParams.js, /home/nil/Desktop/Octobotics_Coding_Assignment/devel/share/gennodejs/ros/inverted_pendulum_sim/srv/SetParams.js)
Linked: (/home/nil/Desktop/Octobotics_Coding_Assignment/devel/.private/inverted_pendulum_sim/share/common-lisp/ros/inverted_pendulum_sim/msg/inverted_pendulum_sim-msg.asd, /home/nil/Desktop/Octobotics_Coding_Assignment/devel/share/common-lisp/ros/inverted_pendulum_sim/msg/inverted_pendulum_sim-msg.asd)
Linked: (/home/nil/Desktop/Octobotics_Coding_Assignment/devel/.private/inverted_pendulum_sim/share/common-lisp/ros/inverted_pendulum_sim/msg/_package_ControlForce.lisp, /home/nil/Desktop/Octobotics_Coding_Assignment/devel/share/common-lisp/ros/inverted_pendulum_sim/msg/_package_ControlForce.lisp)
Linked: (/home/nil/Desktop/Octobotics_Coding_Assignment/devel/.private/inverted_pendulum_sim/share/common-lisp/ros/inverted_pendulum_sim/msg/ControlForce.lisp, /home/nil/Desktop/Octobotics_Coding_Assignment/devel/share/common-lisp/ros/inverted_pendulum_sim/msg/ControlForce.lisp)
Linked: (/home/nil/Desktop/Octobotics_Coding_Assignment/devel/.private/inverted_pendulum_sim/share/common-lisp/ros/inverted_pendulum_sim/msg/_package_CurrentState.lisp, /home/nil/Desktop/Octobotics_Coding_Assignment/devel/share/common-lisp/ros/inverted_pendulum_sim/msg/_package_CurrentState.lisp)
Linked: (/home/nil/Desktop/Octobotics_Coding_Assignment/devel/.private/inverted_pendulum_sim/share/common-lisp/ros/inverted_pendulum_sim/msg/_package.lisp, /home/nil/Desktop/Octobotics_Coding_Assignment/devel/share/common-lisp/ros/inverted_pendulum_sim/msg/_package.lisp)
Linked: (/home/nil/Desktop/Octobotics_Coding_Assignment/devel/.private/inverted_pendulum_sim/share/common-lisp/ros/inverted_pendulum_sim/msg/CurrentState.lisp, /home/nil/Desktop/Octobotics_Coding_Assignment/devel/share/common-lisp/ros/inverted_pendulum_sim/msg/CurrentState.lisp)
Linked: (/home/nil/Desktop/Octobotics_Coding_Assignment/devel/.private/inverted_pendulum_sim/share/common-lisp/ros/inverted_pendulum_sim/srv/_package_SetParams.lisp, /home/nil/Desktop/Octobotics_Coding_Assignment/devel/share/common-lisp/ros/inverted_pendulum_sim/srv/_package_SetParams.lisp)
Linked: (/home/nil/Desktop/Octobotics_Coding_Assignment/devel/.private/inverted_pendulum_sim/share/common-lisp/ros/inverted_pendulum_sim/srv/SetParams.lisp, /home/nil/Desktop/Octobotics_Coding_Assignment/devel/share/common-lisp/ros/inverted_pendulum_sim/srv/SetParams.lisp)
Linked: (/home/nil/Desktop/Octobotics_Coding_Assignment/devel/.private/inverted_pendulum_sim/share/common-lisp/ros/inverted_pendulum_sim/srv/_package.lisp, /home/nil/Desktop/Octobotics_Coding_Assignment/devel/share/common-lisp/ros/inverted_pendulum_sim/srv/_package.lisp)
Linked: (/home/nil/Desktop/Octobotics_Coding_Assignment/devel/.private/inverted_pendulum_sim/share/common-lisp/ros/inverted_pendulum_sim/srv/inverted_pendulum_sim-srv.asd, /home/nil/Desktop/Octobotics_Coding_Assignment/devel/share/common-lisp/ros/inverted_pendulum_sim/srv/inverted_pendulum_sim-srv.asd)
Linked: (/home/nil/Desktop/Octobotics_Coding_Assignment/devel/.private/inverted_pendulum_sim/lib/pkgconfig/inverted_pendulum_sim.pc, /home/nil/Desktop/Octobotics_Coding_Assignment/devel/lib/pkgconfig/inverted_pendulum_sim.pc)
Linked: (/home/nil/Desktop/Octobotics_Coding_Assignment/devel/.private/inverted_pendulum_sim/lib/python3/dist-packages/inverted_pendulum_sim/__init__.py, /home/nil/Desktop/Octobotics_Coding_Assignment/devel/lib/python3/dist-packages/inverted_pendulum_sim/__init__.py)
Linked: (/home/nil/Desktop/Octobotics_Coding_Assignment/devel/.private/inverted_pendulum_sim/lib/python3/dist-packages/inverted_pendulum_sim/msg/_CurrentState.py, /home/nil/Desktop/Octobotics_Coding_Assignment/devel/lib/python3/dist-packages/inverted_pendulum_sim/msg/_CurrentState.py)
Linked: (/home/nil/Desktop/Octobotics_Coding_Assignment/devel/.private/inverted_pendulum_sim/lib/python3/dist-packages/inverted_pendulum_sim/msg/__init__.py, /home/nil/Desktop/Octobotics_Coding_Assignment/devel/lib/python3/dist-packages/inverted_pendulum_sim/msg/__init__.py)
Linked: (/home/nil/Desktop/Octobotics_Coding_Assignment/devel/.private/inverted_pendulum_sim/lib/python3/dist-packages/inverted_pendulum_sim/msg/_ControlForce.py, /home/nil/Desktop/Octobotics_Coding_Assignment/devel/lib/python3/dist-packages/inverted_pendulum_sim/msg/_ControlForce.py)
Linked: (/home/nil/Desktop/Octobotics_Coding_Assignment/devel/.private/inverted_pendulum_sim/lib/python3/dist-packages/inverted_pendulum_sim/srv/_SetParams.py, /home/nil/Desktop/Octobotics_Coding_Assignment/devel/lib/python3/dist-packages/inverted_pendulum_sim/srv/_SetParams.py)
Linked: (/home/nil/Desktop/Octobotics_Coding_Assignment/devel/.private/inverted_pendulum_sim/lib/python3/dist-packages/inverted_pendulum_sim/srv/__init__.py, /home/nil/Desktop/Octobotics_Coding_Assignment/devel/lib/python3/dist-packages/inverted_pendulum_sim/srv/__init__.py)
