[36m--[0m Using CATKIN_DEVEL_PREFIX: /home/nil/Desktop/Octobotics_Coding_Assignment/devel/.private/inverted_pendulum_sim
[36m--[0m Using CMAKE_PREFIX_PATH: /home/nil/Desktop/Octobotics_Coding_Assignment/devel;/opt/ros/noetic
[36m--[0m This workspace overlays: /home/nil/Desktop/Octobotics_Coding_Assignment/devel;/opt/ros/noetic
[36m--[0m Found PythonInterp: /usr/bin/python3 (found suitable version "3.8.10", minimum required is "3")
[36m--[0m Using PYTHON_EXECUTABLE: /usr/bin/python3
[36m--[0m Using Debian Python package layout
[36m--[0m Using empy: /usr/lib/python3/dist-packages/em.py
[36m--[0m Using CATKIN_ENABLE_TESTING: ON
[36m--[0m Call enable_testing()
[36m--[0m Using CATKIN_TEST_RESULTS_DIR: /home/nil/Desktop/Octobotics_Coding_Assignment/build/inverted_pendulum_sim/test_results
[36m--[0m Forcing gtest/gmock from source, though one was otherwise available.
[36m--[0m Found gtest sources under '/usr/src/googletest': gtests will be built
[36m--[0m Found gmock sources under '/usr/src/googletest': gmock will be built
[36m--[0m Found PythonInterp: /usr/bin/python3 (found version "3.8.10")
[36m--[0m Using Python nosetests: /usr/bin/nosetests3
[36m--[0m catkin 0.8.10
[36m--[0m BUILD_SHARED_LIBS is on
[36m--[0m Using these message generators: gencpp;geneus;genlisp;gennodejs;genpy
[31m[1mCMake Error[0m at /home/nil/Desktop/Octobotics_Coding_Assignment/src/inverted_pendulum_sim/CMakeLists.txt:9 (find_package):
  By not providing "Findpygame.cmake" in CMAKE_MODULE_PATH this project has
  asked CMake to find a package configuration file provided by "pygame", but
  CMake did not find one.

  Could not find a package configuration file provided by "pygame" with any
  of the following names:

    pygameConfig.cmake
    pygame-config.cmake

  Add the installation prefix of "pygame" to CMAKE_PREFIX_PATH or set
  "pygame_DIR" to a directory containing one of the above files.  If "pygame"
  provides a separate development package or SDK, be sure it has been
  installed.


[36m--[0m Configuring incomplete, errors occurred!
See also "/home/nil/Desktop/Octobotics_Coding_Assignment/build/inverted_pendulum_sim/CMakeFiles/CMakeOutput.log".
See also "/home/nil/Desktop/Octobotics_Coding_Assignment/build/inverted_pendulum_sim/CMakeFiles/CMakeError.log".
make: *** [Makefile:544: cmake_check_build_system] Error 1
